p:\c++ projects\pacman\firstexample\debug\vc141.pdb
p:\c++ projects\pacman\firstexample\debug\vc141.idb
p:\c++ projects\pacman\firstexample\debug\state.obj
p:\c++ projects\pacman\firstexample\debug\runstate.obj
p:\c++ projects\pacman\firstexample\debug\room.obj
p:\c++ projects\pacman\firstexample\debug\monsterstate.obj
p:\c++ projects\pacman\firstexample\debug\monsterrunningstate.obj
p:\c++ projects\pacman\firstexample\debug\monsterchasingstate.obj
p:\c++ projects\pacman\firstexample\debug\first.obj
p:\c++ projects\pacman\firstexample\debug\comparecells.obj
p:\c++ projects\pacman\firstexample\debug\collectcoinsstate.obj
p:\c++ projects\pacman\firstexample\debug\chasestate.obj
p:\c++ projects\pacman\firstexample\debug\cell.obj
p:\c++ projects\pacman\firstexample\debug\pacman.obj
p:\c++ projects\pacman\firstexample\debug\monster.obj
p:\c++ projects\pacman\debug\firstexample.exe
p:\c++ projects\pacman\debug\firstexample.ilk
p:\c++ projects\pacman\debug\firstexample.pdb
p:\c++ projects\pacman\firstexample\debug\first.obj.enc
p:\c++ projects\pacman\firstexample\debug\firstexample.tlog\cl.command.1.tlog
p:\c++ projects\pacman\firstexample\debug\firstexample.tlog\cl.read.1.tlog
p:\c++ projects\pacman\firstexample\debug\firstexample.tlog\cl.write.1.tlog
p:\c++ projects\pacman\firstexample\debug\firstexample.tlog\link.command.1.tlog
p:\c++ projects\pacman\firstexample\debug\firstexample.tlog\link.read.1.tlog
p:\c++ projects\pacman\firstexample\debug\firstexample.tlog\link.write.1.tlog
